<?xml version="1.0" encoding="UTF-8"?>
<!-- Generated by org.testng.reporters.JUnitReportReporter -->
<testsuite skipped="0" hostname="NISL" name="com.demo.testscript.TC_01" tests="10" failures="0" timestamp="19 Feb 2019 11:08:59 GMT" time="2.239" errors="0">
  <testcase name="gettestId" time="1.897" classname="com.demo.testscript.TC_01"/>
  <testcase name="verifyIdData" time="0.048" classname="com.demo.testscript.TC_01"/>
  <testcase name="verifyIdData" time="0.031" classname="com.demo.testscript.TC_01"/>
  <testcase name="verifyIdData" time="0.037" classname="com.demo.testscript.TC_01"/>
  <testcase name="verifyIdData" time="0.038" classname="com.demo.testscript.TC_01"/>
  <testcase name="verifyIdData" time="0.044" classname="com.demo.testscript.TC_01"/>
  <testcase name="verifyIdData" time="0.032" classname="com.demo.testscript.TC_01"/>
  <testcase name="verifyIdData" time="0.028" classname="com.demo.testscript.TC_01"/>
  <testcase name="verifyIdData" time="0.032" classname="com.demo.testscript.TC_01"/>
  <testcase name="verifyIdData" time="0.052" classname="com.demo.testscript.TC_01"/>
</testsuite> <!-- com.demo.testscript.TC_01 -->
