<?xml version="1.0" encoding="UTF-8"?>
<!-- Generated by org.testng.reporters.JUnitReportReporter -->
<testsuite skipped="0" hostname="C100-17" name="demo.GetRequest" tests="1" failures="0" timestamp="23 Jan 2019 06:54:55 GMT" time="2.938" errors="0">
  <testcase name="testGet" time="2.938" classname="demo.GetRequest"/>
</testsuite> <!-- demo.GetRequest -->
